<?xml version="1.0" encoding="UTF-8"?>
<!-- Generated by org.testng.reporters.JUnitXMLReporter -->
<testsuite ignored="20" hostname="LAPTOP-4P8OOT6N" failures="0" tests="25" name="Command line test" time="5.683" errors="0" timestamp="2024-06-10T00:01:55 IST">
  <testcase classname="com.udemy.seleniumdesign.test.BaseTest" name="@BeforeTest setupDriver" time="5.329">
    <failure type="org.openqa.selenium.SessionNotCreatedException" message="session not created: This version of ChromeDriver only supports Chrome version 123
Current browser version is 125.0.6422.142 with binary path C:\Program Files\Google\Chrome\Application\chrome.exe
Build info: version: &amp;apos;3.14.0&amp;apos;, revision: &amp;apos;aacccce0&amp;apos;, time: &amp;apos;2018-08-02T20:19:58.91Z&amp;apos;
System info: host: &amp;apos;LAPTOP-4P8OOT6N&amp;apos;, ip: &amp;apos;192.168.56.1&amp;apos;, os.name: &amp;apos;Windows 10&amp;apos;, os.arch: &amp;apos;amd64&amp;apos;, os.version: &amp;apos;10.0&amp;apos;, java.version: &amp;apos;17.0.1&amp;apos;
Driver info: driver.version: ChromeDriver
remote stacktrace: 	GetHandleVerifier [0x00007FF7126170C2+63090]
	(No symbol) [0x00007FF712582D12]
	(No symbol) [0x00007FF71241EC65]
	(No symbol) [0x00007FF7124554C2]
	(No symbol) [0x00007FF7124548CF]
	(No symbol) [0x00007FF71244E8C5]
	(No symbol) [0x00007FF71244B2F4]
	(No symbol) [0x00007FF712490BFB]
	(No symbol) [0x00007FF712490830]
	(No symbol) [0x00007FF712486D83]
	(No symbol) [0x00007FF7124583A8]
	(No symbol) [0x00007FF712459441]
	GetHandleVerifier [0x00007FF712A1262D+4238301]
	GetHandleVerifier [0x00007FF712A4F78D+4488509]
	GetHandleVerifier [0x00007FF712A47A6F+4456479]
	GetHandleVerifier [0x00007FF7126F0606+953270]
	(No symbol) [0x00007FF71258E5DF]
	(No symbol) [0x00007FF7125892B4]
	(No symbol) [0x00007FF7125893EB]
	(No symbol) [0x00007FF712579C24]
	BaseThreadInitThunk [0x00007FFE51697344+20]
	RtlUserThreadStart [0x00007FFE521C26B1+33]
">
      <![CDATA[org.openqa.selenium.SessionNotCreatedException: session not created: This version of ChromeDriver only supports Chrome version 123
Current browser version is 125.0.6422.142 with binary path C:\Program Files\Google\Chrome\Application\chrome.exe
Build info: version: '3.14.0', revision: 'aacccce0', time: '2018-08-02T20:19:58.91Z'
System info: host: 'LAPTOP-4P8OOT6N', ip: '192.168.56.1', os.name: 'Windows 10', os.arch: 'amd64', os.version: '10.0', java.version: '17.0.1'
Driver info: driver.version: ChromeDriver
remote stacktrace: GetHandleVerifier [0x00007FF7126170C2+63090]
(No symbol) [0x00007FF712582D12]
(No symbol) [0x00007FF71241EC65]
(No symbol) [0x00007FF7124554C2]
(No symbol) [0x00007FF7124548CF]
(No symbol) [0x00007FF71244E8C5]
(No symbol) [0x00007FF71244B2F4]
(No symbol) [0x00007FF712490BFB]
(No symbol) [0x00007FF712490830]
(No symbol) [0x00007FF712486D83]
(No symbol) [0x00007FF7124583A8]
(No symbol) [0x00007FF712459441]
GetHandleVerifier [0x00007FF712A1262D+4238301]
GetHandleVerifier [0x00007FF712A4F78D+4488509]
GetHandleVerifier [0x00007FF712A47A6F+4456479]
GetHandleVerifier [0x00007FF7126F0606+953270]
(No symbol) [0x00007FF71258E5DF]
(No symbol) [0x00007FF7125892B4]
(No symbol) [0x00007FF7125893EB]
(No symbol) [0x00007FF712579C24]
BaseThreadInitThunk [0x00007FFE51697344+20]
RtlUserThreadStart [0x00007FFE521C26B1+33]

at org.openqa.selenium.remote.W3CHandshakeResponse.lambda$new$0(W3CHandshakeResponse.java:57)
at org.openqa.selenium.remote.W3CHandshakeResponse.lambda$getResponseFunction$2(W3CHandshakeResponse.java:104)
at org.openqa.selenium.remote.ProtocolHandshake.lambda$createSession$0(ProtocolHandshake.java:122)
at java.base/java.util.stream.ReferencePipeline$3$1.accept(ReferencePipeline.java:197)
at java.base/java.util.Spliterators$ArraySpliterator.tryAdvance(Spliterators.java:1002)
at java.base/java.util.stream.ReferencePipeline.forEachWithCancel(ReferencePipeline.java:129)
at java.base/java.util.stream.AbstractPipeline.copyIntoWithCancel(AbstractPipeline.java:527)
at java.base/java.util.stream.AbstractPipeline.copyInto(AbstractPipeline.java:513)
at java.base/java.util.stream.AbstractPipeline.wrapAndCopyInto(AbstractPipeline.java:499)
at java.base/java.util.stream.FindOps$FindOp.evaluateSequential(FindOps.java:150)
at java.base/java.util.stream.AbstractPipeline.evaluate(AbstractPipeline.java:234)
at java.base/java.util.stream.ReferencePipeline.findFirst(ReferencePipeline.java:647)
at org.openqa.selenium.remote.ProtocolHandshake.createSession(ProtocolHandshake.java:125)
at org.openqa.selenium.remote.ProtocolHandshake.createSession(ProtocolHandshake.java:73)
at org.openqa.selenium.remote.HttpCommandExecutor.execute(HttpCommandExecutor.java:136)
at org.openqa.selenium.remote.service.DriverCommandExecutor.execute(DriverCommandExecutor.java:83)
at org.openqa.selenium.remote.RemoteWebDriver.execute(RemoteWebDriver.java:548)
at org.openqa.selenium.remote.RemoteWebDriver.startSession(RemoteWebDriver.java:212)
at org.openqa.selenium.remote.RemoteWebDriver.<init>(RemoteWebDriver.java:130)
at org.openqa.selenium.chrome.ChromeDriver.<init>(ChromeDriver.java:181)
at org.openqa.selenium.chrome.ChromeDriver.<init>(ChromeDriver.java:168)
at org.openqa.selenium.chrome.ChromeDriver.<init>(ChromeDriver.java:123)
at com.udemy.seleniumdesign.test.BaseTest.setupDriver(BaseTest.java:20)
... Removed 39 stack frames]]>
    </failure>
  </testcase> <!-- @BeforeTest setupDriver -->
  <testcase classname="com.udemy.seleniumdesign.test.strategy.PaymentScreenTest" name="@BeforeTest setPaymentScreen" time="-1.717957915129E9">
    <skipped/>
  </testcase> <!-- @BeforeTest setPaymentScreen -->
  <testcase classname="com.udemy.seleniumdesign.test.strategy.EmiratesTest" name="@BeforeTest setPaymentScreen" time="-1.71795791513E9">
    <skipped/>
  </testcase> <!-- @BeforeTest setPaymentScreen -->
  <testcase classname="com.udemy.seleniumdesign.test.srp.GoogleTest" name="@BeforeTest setupPages" time="-1.71795791513E9">
    <skipped/>
  </testcase> <!-- @BeforeTest setupPages -->
  <testcase classname="com.udemy.seleniumdesign.test.proxy.PaymentScreenTest" name="@BeforeTest setPaymentScreen" time="-1.71795791513E9">
    <skipped/>
  </testcase> <!-- @BeforeTest setPaymentScreen -->
  <testcase classname="com.udemy.seleniumdesign.test.executearound.FrameTest" name="@BeforeTest setMainPage" time="-1.717957915131E9">
    <skipped/>
  </testcase> <!-- @BeforeTest setMainPage -->
  <testcase classname="com.udemy.seleniumdesign.test.decorator.PaymentScreenTest" name="@BeforeTest setPaymentScreenPage" time="-1.717957915131E9">
    <skipped/>
  </testcase> <!-- @BeforeTest setPaymentScreenPage -->
  <testcase classname="com.udemy.seleniumdesign.test.decorator.DashboardPageTest" name="@BeforeTest setDashboardPage" time="-1.717957915131E9">
    <skipped/>
  </testcase> <!-- @BeforeTest setDashboardPage -->
  <testcase classname="com.udemy.seleniumdesign.test.command.HomePageTest" name="@BeforeTest setHomePage" time="-1.717957915131E9">
    <skipped/>
  </testcase> <!-- @BeforeTest setHomePage -->
  <testcase classname="com.udemy.seleniumdesign.test.BaseTest" name="@AfterTest quitDriver" time="-1.717957915473E9">
    <skipped/>
  </testcase> <!-- @AfterTest quitDriver -->
  <testcase classname="com.udemy.seleniumdesign.test.command.HomePageTest" name="homePageTest" time="0.0">
    <skipped/>
  </testcase> <!-- homePageTest -->
  <testcase classname="com.udemy.seleniumdesign.test.decorator.DashboardPageTest" name="roleTest" time="0.0">
    <skipped/>
  </testcase> <!-- roleTest -->
  <testcase classname="com.udemy.seleniumdesign.test.decorator.DashboardPageTest" name="roleTest" time="0.0">
    <skipped/>
  </testcase> <!-- roleTest -->
  <testcase classname="com.udemy.seleniumdesign.test.decorator.DashboardPageTest" name="roleTest" time="0.0">
    <skipped/>
  </testcase> <!-- roleTest -->
  <testcase classname="com.udemy.seleniumdesign.test.decorator.PaymentScreenTest" name="paymentScreenTest" time="0.0">
    <skipped/>
  </testcase> <!-- paymentScreenTest -->
  <testcase classname="com.udemy.seleniumdesign.test.decorator.PaymentScreenTest" name="paymentScreenTest" time="0.0">
    <skipped/>
  </testcase> <!-- paymentScreenTest -->
  <testcase classname="com.udemy.seleniumdesign.test.decorator.PaymentScreenTest" name="paymentScreenTest" time="0.0">
    <skipped/>
  </testcase> <!-- paymentScreenTest -->
  <testcase classname="com.udemy.seleniumdesign.test.decorator.PaymentScreenTest" name="paymentScreenTest" time="0.0">
    <skipped/>
  </testcase> <!-- paymentScreenTest -->
  <testcase classname="com.udemy.seleniumdesign.test.decorator.PaymentScreenTest" name="paymentScreenTest" time="0.0">
    <skipped/>
  </testcase> <!-- paymentScreenTest -->
  <testcase classname="com.udemy.seleniumdesign.test.decorator.PaymentScreenTest" name="paymentScreenTest" time="0.0">
    <skipped/>
  </testcase> <!-- paymentScreenTest -->
  <testcase classname="com.udemy.seleniumdesign.test.executearound.FrameTest" name="frameTest" time="0.0">
    <skipped/>
  </testcase> <!-- frameTest -->
  <testcase classname="com.udemy.seleniumdesign.test.factory.GoogleSearchTest" name="searchTest" time="0.0">
    <skipped/>
  </testcase> <!-- searchTest -->
  <testcase classname="com.udemy.seleniumdesign.test.factory.GoogleSearchTest" name="searchTest" time="0.0">
    <skipped/>
  </testcase> <!-- searchTest -->
  <testcase classname="com.udemy.seleniumdesign.test.factory.GoogleSearchTest" name="searchTest" time="0.0">
    <skipped/>
  </testcase> <!-- searchTest -->
  <testcase classname="com.udemy.seleniumdesign.test.factory.GoogleSearchTest" name="searchTest" time="0.0">
    <skipped/>
  </testcase> <!-- searchTest -->
  <testcase classname="com.udemy.seleniumdesign.test.proxy.PaymentScreenTest" name="paymentTest" time="0.0">
    <skipped/>
  </testcase> <!-- paymentTest -->
  <testcase classname="com.udemy.seleniumdesign.test.proxy.PaymentScreenTest" name="paymentTest" time="0.0">
    <skipped/>
  </testcase> <!-- paymentTest -->
  <testcase classname="com.udemy.seleniumdesign.test.srp.GoogleTest" name="googleWorkflow" time="0.0">
    <skipped/>
  </testcase> <!-- googleWorkflow -->
  <testcase classname="com.udemy.seleniumdesign.test.srp.GoogleTest" name="googleWorkflow" time="0.0">
    <skipped/>
  </testcase> <!-- googleWorkflow -->
  <testcase classname="com.udemy.seleniumdesign.test.strategy.EmiratesTest" name="paymentTest" time="0.0">
    <skipped/>
  </testcase> <!-- paymentTest -->
  <testcase classname="com.udemy.seleniumdesign.test.strategy.EmiratesTest" name="paymentTest" time="0.0">
    <skipped/>
  </testcase> <!-- paymentTest -->
  <testcase classname="com.udemy.seleniumdesign.test.strategy.EmiratesTest" name="paymentTest" time="0.0">
    <skipped/>
  </testcase> <!-- paymentTest -->
  <testcase classname="com.udemy.seleniumdesign.test.strategy.PaymentScreenTest" name="paymentTest" time="0.0">
    <skipped/>
  </testcase> <!-- paymentTest -->
  <testcase classname="com.udemy.seleniumdesign.test.strategy.PaymentScreenTest" name="paymentTest" time="0.0">
    <skipped/>
  </testcase> <!-- paymentTest -->
  <testcase classname="com.udemy.seleniumdesign.test.template.ShoppingTest" name="shoppingTest" time="0.0">
    <skipped/>
  </testcase> <!-- shoppingTest -->
  <testcase classname="com.udemy.seleniumdesign.test.BaseTest" name="@BeforeTest setupDriver" time="0.0">
    <ignored/>
  </testcase> <!-- @BeforeTest setupDriver -->
  <testcase classname="com.udemy.seleniumdesign.test.BaseTest" name="@BeforeTest setupDriver" time="0.0">
    <ignored/>
  </testcase> <!-- @BeforeTest setupDriver -->
  <testcase classname="com.udemy.seleniumdesign.test.BaseTest" name="@BeforeTest setupDriver" time="0.0">
    <ignored/>
  </testcase> <!-- @BeforeTest setupDriver -->
  <testcase classname="com.udemy.seleniumdesign.test.BaseTest" name="@BeforeTest setupDriver" time="0.0">
    <ignored/>
  </testcase> <!-- @BeforeTest setupDriver -->
  <testcase classname="com.udemy.seleniumdesign.test.BaseTest" name="@BeforeTest setupDriver" time="0.0">
    <ignored/>
  </testcase> <!-- @BeforeTest setupDriver -->
  <testcase classname="com.udemy.seleniumdesign.test.BaseTest" name="@BeforeTest setupDriver" time="0.0">
    <ignored/>
  </testcase> <!-- @BeforeTest setupDriver -->
  <testcase classname="com.udemy.seleniumdesign.test.BaseTest" name="@BeforeTest setupDriver" time="0.0">
    <ignored/>
  </testcase> <!-- @BeforeTest setupDriver -->
  <testcase classname="com.udemy.seleniumdesign.test.BaseTest" name="@BeforeTest setupDriver" time="0.0">
    <ignored/>
  </testcase> <!-- @BeforeTest setupDriver -->
  <testcase classname="com.udemy.seleniumdesign.test.BaseTest" name="@BeforeTest setupDriver" time="0.0">
    <ignored/>
  </testcase> <!-- @BeforeTest setupDriver -->
  <testcase classname="com.udemy.seleniumdesign.test.BaseTest" name="@BeforeTest setupDriver" time="0.0">
    <ignored/>
  </testcase> <!-- @BeforeTest setupDriver -->
  <testcase classname="com.udemy.seleniumdesign.test.BaseTest" name="@AfterTest quitDriver" time="0.0">
    <ignored/>
  </testcase> <!-- @AfterTest quitDriver -->
  <testcase classname="com.udemy.seleniumdesign.test.BaseTest" name="@AfterTest quitDriver" time="0.0">
    <ignored/>
  </testcase> <!-- @AfterTest quitDriver -->
  <testcase classname="com.udemy.seleniumdesign.test.BaseTest" name="@AfterTest quitDriver" time="0.0">
    <ignored/>
  </testcase> <!-- @AfterTest quitDriver -->
  <testcase classname="com.udemy.seleniumdesign.test.BaseTest" name="@AfterTest quitDriver" time="0.0">
    <ignored/>
  </testcase> <!-- @AfterTest quitDriver -->
  <testcase classname="com.udemy.seleniumdesign.test.BaseTest" name="@AfterTest quitDriver" time="0.0">
    <ignored/>
  </testcase> <!-- @AfterTest quitDriver -->
  <testcase classname="com.udemy.seleniumdesign.test.BaseTest" name="@AfterTest quitDriver" time="0.0">
    <ignored/>
  </testcase> <!-- @AfterTest quitDriver -->
  <testcase classname="com.udemy.seleniumdesign.test.BaseTest" name="@AfterTest quitDriver" time="0.0">
    <ignored/>
  </testcase> <!-- @AfterTest quitDriver -->
  <testcase classname="com.udemy.seleniumdesign.test.BaseTest" name="@AfterTest quitDriver" time="0.0">
    <ignored/>
  </testcase> <!-- @AfterTest quitDriver -->
  <testcase classname="com.udemy.seleniumdesign.test.BaseTest" name="@AfterTest quitDriver" time="0.0">
    <ignored/>
  </testcase> <!-- @AfterTest quitDriver -->
  <testcase classname="com.udemy.seleniumdesign.test.BaseTest" name="@AfterTest quitDriver" time="0.0">
    <ignored/>
  </testcase> <!-- @AfterTest quitDriver -->
</testsuite> <!-- Command line test -->
