<?xml version="1.0" encoding="UTF-8" ?>
<testsuite tests="35" failures="1" name="TestSuite" time="52.581" errors="0" skipped="34">
  <properties>
    <property name="java.runtime.name" value="Java(TM) SE Runtime Environment"/>
    <property name="java.vm.version" value="17.0.1+12-LTS-39"/>
    <property name="sun.boot.library.path" value="C:\Program Files\Java\jdk-17.0.1\bin"/>
    <property name="maven.multiModuleProjectDirectory" value="D:\selenium-design-patterns-master\selenium-design-patterns-master"/>
    <property name="java.vm.vendor" value="Oracle Corporation"/>
    <property name="java.vendor.url" value="https://java.oracle.com/"/>
    <property name="guice.disable.misplaced.annotation.check" value="true"/>
    <property name="path.separator" value=";"/>
    <property name="java.vm.name" value="Java HotSpot(TM) 64-Bit Server VM"/>
    <property name="sun.os.patch.level" value=""/>
    <property name="user.script" value=""/>
    <property name="user.country" value="IN"/>
    <property name="sun.java.launcher" value="SUN_STANDARD"/>
    <property name="java.vm.specification.name" value="Java Virtual Machine Specification"/>
    <property name="user.dir" value="D:\selenium-design-patterns-master\selenium-design-patterns-master"/>
    <property name="java.vm.compressedOopsMode" value="32-bit"/>
    <property name="java.runtime.version" value="17.0.1+12-LTS-39"/>
    <property name="os.arch" value="amd64"/>
    <property name="java.io.tmpdir" value="C:\Users\dsit0\AppData\Local\Temp\"/>
    <property name="line.separator" value="
"/>
    <property name="java.vm.specification.vendor" value="Oracle Corporation"/>
    <property name="user.variant" value=""/>
    <property name="os.name" value="Windows 10"/>
    <property name="classworlds.conf" value="C:\Users\dsit0\eclipse-workspace\.metadata\.plugins\org.eclipse.m2e.launching\launches\m2conf4555560502912208666.tmp"/>
    <property name="sun.jnu.encoding" value="Cp1252"/>
    <property name="java.library.path" value="C:\Program Files\Java\jdk-17.0.1\bin;C:\windows\Sun\Java\bin;C:\windows\system32;C:\windows;C:/Program Files/Java/jdk-17.0.1/bin/server;C:/Program Files/Java/jdk-17.0.1/bin;C:\Program Files\Python311\Scripts\;C:\Program Files\Python311\;C:\Program Files\Java\jdk-17.0.1;C:\Program Files\Java\jdk-17.0.1;C:\Program Files\Java\jdk-17.0.1\bin;C:\Program Files (x86)\VMware\VMware Player\bin\;C:\windows\system32;C:\windows;C:\windows\System32\Wbem;C:\windows\System32\WindowsPowerShell\v1.0\;C:\windows\System32\OpenSSH\;C:\Program Files\Git\cmd;C:\Program Files\mingw-w64\x86_64-8.1.0-posix-seh-rt_v6-rev0\mingw64\bin;C:\Users\dsit0\AppData\Local\Android\Sdk\tools\bin;C:\Users\dsit0\AppData\Local\Android\Sdk\tools;C:\Users\dsit0\AppData\Local\Android\Sdk\platform-tools;C:\Program Files\Docker\Docker\resources\bin;C:\apache-maven-3.8.4-bin\apache-maven-3.8.4\bin;C:\Users\dsit0\AppData\Roaming\Python\Python311\Scripts\locust.exe;C:\Program Files\nodejs\;C:\Users\dsit0\AppData\Local\Microsoft\WindowsApps;C:\Program Files (x86)\Nmap;C:\Users\dsit0\AppData\Local\Programs\Microsoft VS Code\bin;C:\Users\dsit0\AppData\Roaming\npm;C:\windows\system32;;."/>
    <property name="jdk.debug" value="release"/>
    <property name="java.class.version" value="61.0"/>
    <property name="java.specification.name" value="Java Platform API Specification"/>
    <property name="sun.management.compiler" value="HotSpot 64-Bit Tiered Compilers"/>
    <property name="os.version" value="10.0"/>
    <property name="user.home" value="C:\Users\dsit0"/>
    <property name="user.timezone" value="Asia/Calcutta"/>
    <property name="file.encoding" value="Cp1252"/>
    <property name="java.specification.version" value="17"/>
    <property name="user.name" value="dsit0"/>
    <property name="java.class.path" value="C:\Users\dsit0\.p2\pool\plugins\org.eclipse.m2e.maven.runtime_1.18.0.20210603-1206\jars\plexus-classworlds-2.6.0.jar"/>
    <property name="java.vm.specification.version" value="17"/>
    <property name="sun.arch.data.model" value="64"/>
    <property name="sun.java.command" value="org.codehaus.plexus.classworlds.launcher.Launcher -B test"/>
    <property name="java.home" value="C:\Program Files\Java\jdk-17.0.1"/>
    <property name="user.language" value="en"/>
    <property name="java.specification.vendor" value="Oracle Corporation"/>
    <property name="java.vm.info" value="mixed mode, sharing"/>
    <property name="java.version" value="17.0.1"/>
    <property name="native.encoding" value="Cp1252"/>
    <property name="java.vendor" value="Oracle Corporation"/>
    <property name="maven.home" value="D:\selenium-design-patterns-master\selenium-design-patterns-master\EMBEDDED"/>
    <property name="file.separator" value="\"/>
    <property name="java.version.date" value="2021-10-19"/>
    <property name="java.vendor.url.bug" value="https://bugreport.java.com/bugreport/"/>
    <property name="sun.io.unicode.encoding" value="UnicodeLittle"/>
    <property name="sun.cpu.endian" value="little"/>
    <property name="sun.cpu.isalist" value="amd64"/>
  </properties>
  <testcase classname="com.udemy.seleniumdesign.test.BaseTest" name="setupDriver" time="5.812">
    <failure message="session not created: This version of ChromeDriver only supports Chrome version 123
Current browser version is 125.0.6422.142 with binary path C:\Program Files\Google\Chrome\Application\chrome.exe
Build info: version: &apos;3.14.0&apos;, revision: &apos;aacccce0&apos;, time: &apos;2018-08-02T20:19:58.91Z&apos;
System info: host: &apos;LAPTOP-4P8OOT6N&apos;, ip: &apos;192.168.56.1&apos;, os.name: &apos;Windows 10&apos;, os.arch: &apos;amd64&apos;, os.version: &apos;10.0&apos;, java.version: &apos;17.0.1&apos;
Driver info: driver.version: ChromeDriver
remote stacktrace: 	GetHandleVerifier [0x00007FF7126170C2+63090]
	(No symbol) [0x00007FF712582D12]
	(No symbol) [0x00007FF71241EC65]
	(No symbol) [0x00007FF7124554C2]
	(No symbol) [0x00007FF7124548CF]
	(No symbol) [0x00007FF71244E8C5]
	(No symbol) [0x00007FF71244B2F4]
	(No symbol) [0x00007FF712490BFB]
	(No symbol) [0x00007FF712490830]
	(No symbol) [0x00007FF712486D83]
	(No symbol) [0x00007FF7124583A8]
	(No symbol) [0x00007FF712459441]
	GetHandleVerifier [0x00007FF712A1262D+4238301]
	GetHandleVerifier [0x00007FF712A4F78D+4488509]
	GetHandleVerifier [0x00007FF712A47A6F+4456479]
	GetHandleVerifier [0x00007FF7126F0606+953270]
	(No symbol) [0x00007FF71258E5DF]
	(No symbol) [0x00007FF7125892B4]
	(No symbol) [0x00007FF7125893EB]
	(No symbol) [0x00007FF712579C24]
	BaseThreadInitThunk [0x00007FFE51697344+20]
	RtlUserThreadStart [0x00007FFE521C26B1+33]
" type="org.openqa.selenium.SessionNotCreatedException">org.openqa.selenium.SessionNotCreatedException: session not created: This version of ChromeDriver only supports Chrome version 123
Current browser version is 125.0.6422.142 with binary path C:\Program Files\Google\Chrome\Application\chrome.exe
Build info: version: &apos;3.14.0&apos;, revision: &apos;aacccce0&apos;, time: &apos;2018-08-02T20:19:58.91Z&apos;
System info: host: &apos;LAPTOP-4P8OOT6N&apos;, ip: &apos;192.168.56.1&apos;, os.name: &apos;Windows 10&apos;, os.arch: &apos;amd64&apos;, os.version: &apos;10.0&apos;, java.version: &apos;17.0.1&apos;
Driver info: driver.version: ChromeDriver
remote stacktrace: 	GetHandleVerifier [0x00007FF7126170C2+63090]
	(No symbol) [0x00007FF712582D12]
	(No symbol) [0x00007FF71241EC65]
	(No symbol) [0x00007FF7124554C2]
	(No symbol) [0x00007FF7124548CF]
	(No symbol) [0x00007FF71244E8C5]
	(No symbol) [0x00007FF71244B2F4]
	(No symbol) [0x00007FF712490BFB]
	(No symbol) [0x00007FF712490830]
	(No symbol) [0x00007FF712486D83]
	(No symbol) [0x00007FF7124583A8]
	(No symbol) [0x00007FF712459441]
	GetHandleVerifier [0x00007FF712A1262D+4238301]
	GetHandleVerifier [0x00007FF712A4F78D+4488509]
	GetHandleVerifier [0x00007FF712A47A6F+4456479]
	GetHandleVerifier [0x00007FF7126F0606+953270]
	(No symbol) [0x00007FF71258E5DF]
	(No symbol) [0x00007FF7125892B4]
	(No symbol) [0x00007FF7125893EB]
	(No symbol) [0x00007FF712579C24]
	BaseThreadInitThunk [0x00007FFE51697344+20]
	RtlUserThreadStart [0x00007FFE521C26B1+33]

	at java.base/jdk.internal.reflect.NativeConstructorAccessorImpl.newInstance0(Native Method)
	at java.base/jdk.internal.reflect.NativeConstructorAccessorImpl.newInstance(NativeConstructorAccessorImpl.java:77)
	at java.base/jdk.internal.reflect.DelegatingConstructorAccessorImpl.newInstance(DelegatingConstructorAccessorImpl.java:45)
	at java.base/java.lang.reflect.Constructor.newInstanceWithCaller(Constructor.java:499)
	at java.base/java.lang.reflect.Constructor.newInstance(Constructor.java:480)
	at org.openqa.selenium.remote.W3CHandshakeResponse.lambda$new$0(W3CHandshakeResponse.java:57)
	at org.openqa.selenium.remote.W3CHandshakeResponse.lambda$getResponseFunction$2(W3CHandshakeResponse.java:104)
	at org.openqa.selenium.remote.ProtocolHandshake.lambda$createSession$0(ProtocolHandshake.java:122)
	at java.base/java.util.stream.ReferencePipeline$3$1.accept(ReferencePipeline.java:197)
	at java.base/java.util.Spliterators$ArraySpliterator.tryAdvance(Spliterators.java:1002)
	at java.base/java.util.stream.ReferencePipeline.forEachWithCancel(ReferencePipeline.java:129)
	at java.base/java.util.stream.AbstractPipeline.copyIntoWithCancel(AbstractPipeline.java:527)
	at java.base/java.util.stream.AbstractPipeline.copyInto(AbstractPipeline.java:513)
	at java.base/java.util.stream.AbstractPipeline.wrapAndCopyInto(AbstractPipeline.java:499)
	at java.base/java.util.stream.FindOps$FindOp.evaluateSequential(FindOps.java:150)
	at java.base/java.util.stream.AbstractPipeline.evaluate(AbstractPipeline.java:234)
	at java.base/java.util.stream.ReferencePipeline.findFirst(ReferencePipeline.java:647)
	at org.openqa.selenium.remote.ProtocolHandshake.createSession(ProtocolHandshake.java:125)
	at org.openqa.selenium.remote.ProtocolHandshake.createSession(ProtocolHandshake.java:73)
	at org.openqa.selenium.remote.HttpCommandExecutor.execute(HttpCommandExecutor.java:136)
	at org.openqa.selenium.remote.service.DriverCommandExecutor.execute(DriverCommandExecutor.java:83)
	at org.openqa.selenium.remote.RemoteWebDriver.execute(RemoteWebDriver.java:548)
	at org.openqa.selenium.remote.RemoteWebDriver.startSession(RemoteWebDriver.java:212)
	at org.openqa.selenium.remote.RemoteWebDriver.&lt;init&gt;(RemoteWebDriver.java:130)
	at org.openqa.selenium.chrome.ChromeDriver.&lt;init&gt;(ChromeDriver.java:181)
	at org.openqa.selenium.chrome.ChromeDriver.&lt;init&gt;(ChromeDriver.java:168)
	at org.openqa.selenium.chrome.ChromeDriver.&lt;init&gt;(ChromeDriver.java:123)
	at com.udemy.seleniumdesign.test.BaseTest.setupDriver(BaseTest.java:20)
</failure>
    <system-out>Configuring TestNG with: org.apache.maven.surefire.testng.conf.TestNG652Configurator@6ad5c04e
</system-out>
    <system-err>Starting ChromeDriver 123.0.6312.86 (9b72c47a053648d405376c5cf07999ed626728da-refs/branch-heads/6312@{#698}) on port 11821
Only local connections are allowed.
Please see https://chromedriver.chromium.org/security-considerations for suggestions on keeping ChromeDriver safe.
ChromeDriver was started successfully.
</system-err>
  </testcase>
  <testcase classname="com.udemy.seleniumdesign.test.strategy.PaymentScreenTest" name="setPaymentScreen" time="5.813">
    <skipped/>
  </testcase>
  <testcase classname="com.udemy.seleniumdesign.test.strategy.EmiratesTest" name="setPaymentScreen" time="5.813">
    <skipped/>
  </testcase>
  <testcase classname="com.udemy.seleniumdesign.test.srp.GoogleTest" name="setupPages" time="5.813">
    <skipped/>
  </testcase>
  <testcase classname="com.udemy.seleniumdesign.test.proxy.PaymentScreenTest" name="setPaymentScreen" time="5.813">
    <skipped/>
  </testcase>
  <testcase classname="com.udemy.seleniumdesign.test.executearound.FrameTest" name="setMainPage" time="5.813">
    <skipped/>
  </testcase>
  <testcase classname="com.udemy.seleniumdesign.test.decorator.PaymentScreenTest" name="setPaymentScreenPage" time="5.813">
    <skipped/>
  </testcase>
  <testcase classname="com.udemy.seleniumdesign.test.decorator.DashboardPageTest" name="setDashboardPage" time="5.813">
    <skipped/>
  </testcase>
  <testcase classname="com.udemy.seleniumdesign.test.command.HomePageTest" name="setHomePage" time="5.814">
    <skipped/>
  </testcase>
  <testcase classname="com.udemy.seleniumdesign.test.command.HomePageTest" name="homePageTest" time="0">
    <skipped/>
  </testcase>
  <testcase classname="com.udemy.seleniumdesign.test.decorator.DashboardPageTest" name="roleTest" time="0.001">
    <skipped/>
  </testcase>
  <testcase classname="com.udemy.seleniumdesign.test.decorator.DashboardPageTest" name="roleTest" time="0">
    <skipped/>
  </testcase>
  <testcase classname="com.udemy.seleniumdesign.test.decorator.DashboardPageTest" name="roleTest" time="0">
    <skipped/>
  </testcase>
  <testcase classname="com.udemy.seleniumdesign.test.decorator.PaymentScreenTest" name="paymentScreenTest" time="0">
    <skipped/>
  </testcase>
  <testcase classname="com.udemy.seleniumdesign.test.decorator.PaymentScreenTest" name="paymentScreenTest" time="0">
    <skipped/>
  </testcase>
  <testcase classname="com.udemy.seleniumdesign.test.decorator.PaymentScreenTest" name="paymentScreenTest" time="0">
    <skipped/>
  </testcase>
  <testcase classname="com.udemy.seleniumdesign.test.decorator.PaymentScreenTest" name="paymentScreenTest" time="0">
    <skipped/>
  </testcase>
  <testcase classname="com.udemy.seleniumdesign.test.decorator.PaymentScreenTest" name="paymentScreenTest" time="0">
    <skipped/>
  </testcase>
  <testcase classname="com.udemy.seleniumdesign.test.decorator.PaymentScreenTest" name="paymentScreenTest" time="0">
    <skipped/>
  </testcase>
  <testcase classname="com.udemy.seleniumdesign.test.executearound.FrameTest" name="frameTest" time="0">
    <skipped/>
  </testcase>
  <testcase classname="com.udemy.seleniumdesign.test.factory.GoogleSearchTest" name="searchTest" time="0">
    <skipped/>
  </testcase>
  <testcase classname="com.udemy.seleniumdesign.test.factory.GoogleSearchTest" name="searchTest" time="0">
    <skipped/>
  </testcase>
  <testcase classname="com.udemy.seleniumdesign.test.factory.GoogleSearchTest" name="searchTest" time="0">
    <skipped/>
  </testcase>
  <testcase classname="com.udemy.seleniumdesign.test.factory.GoogleSearchTest" name="searchTest" time="0">
    <skipped/>
  </testcase>
  <testcase classname="com.udemy.seleniumdesign.test.proxy.PaymentScreenTest" name="paymentTest" time="0">
    <skipped/>
  </testcase>
  <testcase classname="com.udemy.seleniumdesign.test.proxy.PaymentScreenTest" name="paymentTest" time="0">
    <skipped/>
  </testcase>
  <testcase classname="com.udemy.seleniumdesign.test.srp.GoogleTest" name="googleWorkflow" time="0">
    <skipped/>
  </testcase>
  <testcase classname="com.udemy.seleniumdesign.test.srp.GoogleTest" name="googleWorkflow" time="0.001">
    <skipped/>
  </testcase>
  <testcase classname="com.udemy.seleniumdesign.test.strategy.EmiratesTest" name="paymentTest" time="0">
    <skipped/>
  </testcase>
  <testcase classname="com.udemy.seleniumdesign.test.strategy.EmiratesTest" name="paymentTest" time="0">
    <skipped/>
  </testcase>
  <testcase classname="com.udemy.seleniumdesign.test.strategy.EmiratesTest" name="paymentTest" time="0">
    <skipped/>
  </testcase>
  <testcase classname="com.udemy.seleniumdesign.test.strategy.PaymentScreenTest" name="paymentTest" time="0">
    <skipped/>
  </testcase>
  <testcase classname="com.udemy.seleniumdesign.test.strategy.PaymentScreenTest" name="paymentTest" time="0">
    <skipped/>
  </testcase>
  <testcase classname="com.udemy.seleniumdesign.test.template.ShoppingTest" name="shoppingTest" time="0.131">
    <skipped/>
    <system-err>[Utils] [ERROR] [Error] java.lang.RuntimeException: java.lang.reflect.InvocationTargetException
	at org.openqa.selenium.support.PageFactory.instantiatePage(PageFactory.java:138)
	at org.openqa.selenium.support.PageFactory.initElements(PageFactory.java:64)
	at com.udemy.seleniumdesign.template.AmazonShopping.&amp;lt;init&amp;gt;(AmazonShopping.java:22)
	at com.udemy.seleniumdesign.test.template.ShoppingTest.getData(ShoppingTest.java:20)
	at java.base/jdk.internal.reflect.NativeMethodAccessorImpl.invoke0(Native Method)
	at java.base/jdk.internal.reflect.NativeMethodAccessorImpl.invoke(NativeMethodAccessorImpl.java:77)
	at java.base/jdk.internal.reflect.DelegatingMethodAccessorImpl.invoke(DelegatingMethodAccessorImpl.java:43)
	at java.base/java.lang.reflect.Method.invoke(Method.java:568)
	at org.testng.internal.MethodInvocationHelper.invokeMethod(MethodInvocationHelper.java:134)
	at org.testng.internal.MethodInvocationHelper.invokeMethod(MethodInvocationHelper.java:78)
	at org.testng.internal.MethodInvocationHelper.invokeMethodNoCheckedException(MethodInvocationHelper.java:47)
	at org.testng.internal.MethodInvocationHelper.invokeDataProvider(MethodInvocationHelper.java:147)
	at org.testng.internal.Parameters.handleParameters(Parameters.java:801)
	at org.testng.internal.Parameters.handleParameters(Parameters.java:744)
	at org.testng.internal.ParameterHandler.handleParameters(ParameterHandler.java:59)
	at org.testng.internal.ParameterHandler.createParameters(ParameterHandler.java:38)
	at org.testng.internal.TestInvoker$MethodInvocationAgent.invoke(TestInvoker.java:783)
	at org.testng.internal.TestInvoker.invokeTestMethods(TestInvoker.java:146)
	at org.testng.internal.TestMethodWorker.invokeTestMethods(TestMethodWorker.java:146)
	at org.testng.internal.TestMethodWorker.run(TestMethodWorker.java:128)
	at java.base/java.util.ArrayList.forEach(ArrayList.java:1511)
	at org.testng.TestRunner.privateRun(TestRunner.java:766)
	at org.testng.TestRunner.run(TestRunner.java:587)
	at org.testng.SuiteRunner.runTest(SuiteRunner.java:384)
	at org.testng.SuiteRunner.runSequentially(SuiteRunner.java:378)
	at org.testng.SuiteRunner.privateRun(SuiteRunner.java:337)
	at org.testng.SuiteRunner.run(SuiteRunner.java:286)
	at org.testng.SuiteRunnerWorker.runSuite(SuiteRunnerWorker.java:53)
	at org.testng.SuiteRunnerWorker.run(SuiteRunnerWorker.java:96)
	at org.testng.TestNG.runSuitesSequentially(TestNG.java:1187)
	at org.testng.TestNG.runSuitesLocally(TestNG.java:1109)
	at org.testng.TestNG.runSuites(TestNG.java:1039)
	at org.testng.TestNG.run(TestNG.java:1007)
	at org.apache.maven.surefire.testng.TestNGExecutor.run(TestNGExecutor.java:77)
	at org.apache.maven.surefire.testng.TestNGDirectoryTestSuite.executeMulti(TestNGDirectoryTestSuite.java:159)
	at org.apache.maven.surefire.testng.TestNGDirectoryTestSuite.execute(TestNGDirectoryTestSuite.java:99)
	at org.apache.maven.surefire.testng.TestNGProvider.invoke(TestNGProvider.java:106)
	at java.base/jdk.internal.reflect.NativeMethodAccessorImpl.invoke0(Native Method)
	at java.base/jdk.internal.reflect.NativeMethodAccessorImpl.invoke(NativeMethodAccessorImpl.java:77)
	at java.base/jdk.internal.reflect.DelegatingMethodAccessorImpl.invoke(DelegatingMethodAccessorImpl.java:43)
	at java.base/java.lang.reflect.Method.invoke(Method.java:568)
	at org.apache.maven.surefire.util.ReflectionUtils.invokeMethodWithArray(ReflectionUtils.java:189)
	at org.apache.maven.surefire.booter.ProviderFactory$ProviderProxy.invoke(ProviderFactory.java:165)
	at org.apache.maven.surefire.booter.ProviderFactory.invokeProvider(ProviderFactory.java:85)
	at org.apache.maven.surefire.booter.ForkedBooter.runSuitesInProcess(ForkedBooter.java:115)
	at org.apache.maven.surefire.booter.ForkedBooter.main(ForkedBooter.java:75)
Caused by: java.lang.reflect.InvocationTargetException
	at java.base/jdk.internal.reflect.NativeConstructorAccessorImpl.newInstance0(Native Method)
	at java.base/jdk.internal.reflect.NativeConstructorAccessorImpl.newInstance(NativeConstructorAccessorImpl.java:77)
	at java.base/jdk.internal.reflect.DelegatingConstructorAccessorImpl.newInstance(DelegatingConstructorAccessorImpl.java:45)
	at java.base/java.lang.reflect.Constructor.newInstanceWithCaller(Constructor.java:499)
	at java.base/java.lang.reflect.Constructor.newInstance(Constructor.java:480)
	at org.openqa.selenium.support.PageFactory.instantiatePage(PageFactory.java:129)
	... 45 more
Caused by: java.lang.NullPointerException
	at java.base/java.util.Objects.requireNonNull(Objects.java:208)
	at org.openqa.selenium.support.ui.FluentWait.&amp;lt;init&amp;gt;(FluentWait.java:115)
	at org.openqa.selenium.support.ui.WebDriverWait.&amp;lt;init&amp;gt;(WebDriverWait.java:102)
	at org.openqa.selenium.support.ui.WebDriverWait.&amp;lt;init&amp;gt;(WebDriverWait.java:45)
	at com.udemy.seleniumdesign.template.pages.AmazonResultsPage.&amp;lt;init&amp;gt;(AmazonResultsPage.java:19)
	... 51 more

</system-err>
  </testcase>
  <testcase classname="com.udemy.seleniumdesign.test.BaseTest" name="quitDriver" time="0.131">
    <skipped/>
  </testcase>
</testsuite>